Arguments: 
  C:\Program Files\nodejs\node.exe C:\Program Files (x86)\Yarn\bin\yarn.js build

PATH: 
  C:\Program Files (x86)\Common Files\Intel\Shared Libraries\redist\intel64\compiler;C:\Program Files (x86)\Common Files\Oracle\Java\javapath;C:\WINDOWS\system32;C:\WINDOWS;C:\WINDOWS\System32\Wbem;C:\WINDOWS\System32\WindowsPowerShell\v1.0\;C:\WINDOWS\System32\OpenSSH\;C:\xampp\php;C:\Program Files\nodejs\;C:\Program Files\Git\cmd;C:\Program Files\Git LFS;C:\ProgramData\ComposerSetup\bin;C:\Program Files (x86)\Yarn\bin\;C:\Users\filip\AppData\Local\Microsoft\WindowsApps;C:\Users\filip\AppData\Local\Programs\Microsoft VS Code\bin;C:\xampp\php;C:\Program Files\Java\jdk1.8.0_191;C:\Users\filip\AppData\Roaming\npm;C:\Users\filip\AppData\Local\GitHubDesktop\bin;C:\Users\filip\AppData\Roaming\Composer\vendor\bin;C:\Users\filip\AppData\Local\Microsoft\WindowsApps;C:\Program Files\Java\jdk1.8.0_191\bin\;C:\Users\filip\AppData\Local\Yarn\bin

Yarn version: 
  1.19.0

Node version: 
  10.15.3

Platform: 
  win32 x64

Trace: 
  SyntaxError: C:\Users\filip\Desktop\Central do Aluno ES6\backend\package.json: Unexpected string in JSON at position 175
      at JSON.parse (<anonymous>)
      at C:\Program Files (x86)\Yarn\lib\cli.js:1625:59
      at Generator.next (<anonymous>)
      at step (C:\Program Files (x86)\Yarn\lib\cli.js:304:30)
      at C:\Program Files (x86)\Yarn\lib\cli.js:315:13

npm manifest: 
  {
    "name": "backend",
    "version": "1.0.0",
    "description": "",
    "main": "./index.js",
    "scripts": {
      "build": "node index.js"
    },
    "heroku-run-build-script": true
    "keywords": [],
    "author": "",
    "license": "ISC",
    "dependencies": {
      "axios": "^0.19.1",
      "express": "^4.17.1",
      "js-md5": "^0.7.3",
      "nodemon": "^2.0.2",
      "querystring": "^0.2.0"
    },
    "devDependencies": {
      "eslint": "^6.8.0",
      "mongoose": "^5.8.9"
    }
  }

yarn manifest: 
  No manifest

Lockfile: 
  No lockfile
